        -:    0:Source:randomtestcard1.c
        -:    0:Graph:randomtestcard1.gcno
        -:    0:Data:randomtestcard1.gcda
        -:    0:Runs:1
        -:    0:Programs:1
        -:    1://Description: A random test generator for the smithy card.
        -:    2:#include "dominion.h"
        -:    3:#include "dominion_helpers.h"
        -:    4:#include "rngs.h"
        -:    5:
        -:    6:#include <stdio.h>
        -:    7:#include <stdlib.h>
        -:    8:#include <string.h>
        -:    9:#include <time.h>
        -:   10:#include <assert.h>
        -:   11:
        -:   12:
function main called 1 returned 100% blocks executed 94%
        1:   13:int main () {
        -:   14:
        -:   15:   struct gameState g;
        -:   16:
        1:   17:   int seed = 1000;
        1:   18:   int numTestsPassed = 0, passedAllTestsFlag = 0;
        1:   19:   int numPlayers = 2, currPlayer = 0;
        -:   20:   int deckSize, handSize, startDeck, currDeck, startHand, currHand, startDiscard, currDiscard;
        1:   21:   int failedDeckCount = 0, failedHandCount = 0, failedDiscardCount = 0;
        1:   22:   int i = 0;
        1:   23:   int choice1 = 0, choice2 = 0, choice3 = 0, handPos = 0, bonus = 0;
        -:   24:
        1:   25:   int allowedCards[10] = {adventurer, embargo, village, minion, mine, cutpurse, sea_hag, tribute, smithy, council_room};
        -:   26:
        1:   27:   srand(time(NULL));
call    0 returned 100%
call    1 returned 100%
        -:   28:
        -:   29:
   123457:   30:   for (i = 0; i < 123456; i++) {
branch  0 taken 99%
branch  1 taken 1% (fallthrough)
        -:   31:
        -:   32:      //Randomly intialize the game state. Then make sure the needed variables are sane.
   123456:   33:      initializeGame(numPlayers, allowedCards, seed, &g);
call    0 returned 100%
        -:   34:
   123456:   35:      deckSize = rand() % (MAX_DECK + 1);
call    0 returned 100%
   123456:   36:      handSize = rand() % (deckSize + 1);
call    0 returned 100%
        -:   37:
   123456:   38:      g.deckCount[0] = deckSize - handSize;
   123456:   39:      g.handCount[0] = handSize;
   123456:   40:      handPos = g.hand[currPlayer][g.handCount[currPlayer]-1];
        -:   41:
        -:   42:
        -:   43:      //Note the current state before playing the card
   123456:   44:      startDeck = g.deckCount[0];
   123456:   45:      startHand = g.handCount[0];
   123456:   46:      startDiscard = g.playedCardCount;
        -:   47:
        -:   48:
        -:   49:      //Play the card
   123456:   50:      cardEffect(smithy, choice1, choice2, choice3, &g, handPos, &bonus);
call    0 returned 100%
        -:   51:
        -:   52:
        -:   53:      //Note the state after playing the card
   123456:   54:      currDeck = g.deckCount[0];
   123456:   55:      currHand = g.handCount[0];
   123456:   56:      currDiscard = g.playedCardCount;
        -:   57:
        -:   58:
        -:   59:      //NOW... the moment of reckoning... the tests
   123456:   60:      passedAllTestsFlag = 1;
        -:   61:
   123456:   62:      printf("Testing Smithy card...\n");
call    0 returned 100%
        -:   63:
   123456:   64:      if (currDeck != (startDeck - 3)) {
branch  0 taken 99% (fallthrough)
branch  1 taken 1%
   122270:   65:	 printf("\tDeck count - FAIL\n");
call    0 returned 100%
   122270:   66:	 failedDeckCount++;
   122270:   67:	 passedAllTestsFlag = 0;
        -:   68:      }
        -:   69:      else {
     1186:   70:	 printf("\tDeck count - PASS\n");
call    0 returned 100%
        -:   71:      }
        -:   72:
   123456:   73:      if (currHand != (startHand + 2)) {
branch  0 taken 99% (fallthrough)
branch  1 taken 1%
   122270:   74:	 printf("\tCards drawn - FAIL\n");
call    0 returned 100%
   122270:   75:	 failedHandCount++;
   122270:   76:	 passedAllTestsFlag = 0;
        -:   77:      }
        -:   78:      else {
     1186:   79:	 printf("\tCards drawn - PASS\n");
call    0 returned 100%
        -:   80:      }
        -:   81:
   123456:   82:      if (currDiscard != (startDiscard + 1)) {
branch  0 taken 0% (fallthrough)
branch  1 taken 100%
    #####:   83:	 printf("\tCards discarded - FAIL\n");
call    0 never executed
    #####:   84:	 failedDiscardCount++;
    #####:   85:	 passedAllTestsFlag = 0;
        -:   86:      }
        -:   87:      else {
   123456:   88:	 printf("\tCards discarded - PASS\n");
call    0 returned 100%
        -:   89:      }
        -:   90:
        -:   91:
   123456:   92:      if (passedAllTestsFlag == 1) {
branch  0 taken 1% (fallthrough)
branch  1 taken 99%
     1186:   93:	 printf("All tests passed!!\n");
call    0 returned 100%
     1186:   94:	 numTestsPassed++;
        -:   95:      }
        -:   96:
        -:   97:   }
        -:   98:
        -:   99:      
        1:  100:   printf("Smithy tests summary:\n");
call    0 returned 100%
        1:  101:   printf("\tPASSED: %d\n", numTestsPassed);
call    0 returned 100%
        1:  102:   printf("\tFAILED (deck): %d\n", failedDeckCount);
call    0 returned 100%
        1:  103:   printf("\tFAILED (hand): %d\n", failedHandCount);
call    0 returned 100%
        1:  104:   printf("\tFAILED (discard): %d\n\n", failedDiscardCount);
call    0 returned 100%
        -:  105:
        -:  106:   
        -:  107:
        1:  108:   return 0;
        -:  109:
        -:  110:}
