        -:    0:Source:randomtestcard2.c
        -:    0:Graph:randomtestcard2.gcno
        -:    0:Data:randomtestcard2.gcda
        -:    0:Runs:1
        -:    0:Programs:1
        -:    1:// Description: A random test generator for the great hall card.
        -:    2:#include "dominion.h"
        -:    3:#include "dominion_helpers.h"
        -:    4:#include "rngs.h"
        -:    5:
        -:    6:#include <stdio.h>
        -:    7:#include <stdlib.h>
        -:    8:#include <string.h>
        -:    9:#include <time.h>
        -:   10:#include <assert.h>
        -:   11:
        -:   12:
function main called 1 returned 100% blocks executed 100%
        1:   13:int main () {
        -:   14:
        -:   15:   struct gameState g;
        -:   16:
        1:   17:   int seed = 1000;
        1:   18:   int numTestsPassed = 0, passedAllTestsFlag = 0;
        1:   19:   int numPlayers = 2, currPlayer = 0;
        -:   20:   int deckSize, handSize, startHand, currHand, startNumActions, currNumActions;
        1:   21:   int failedHandCount = 0, failedActionsCount = 0;
        1:   22:   int i = 0;
        1:   23:   int choice1 = 0, choice2 = 0, choice3 = 0, handPos = 0, bonus = 0;
        -:   24:
        1:   25:   int allowedCards[10] = {adventurer, embargo, village, minion, mine, cutpurse, sea_hag, tribute, smithy, council_room};
        -:   26:
        1:   27:   srand(time(NULL));
call    0 returned 100%
call    1 returned 100%
        -:   28:
        -:   29:
   123457:   30:   for (i = 0; i < 123456; i++) {
branch  0 taken 99%
branch  1 taken 1% (fallthrough)
        -:   31:
        -:   32:      //randomly intialize the game state. then make sure the needed variables are sane.
   123456:   33:      initializeGame(numPlayers, allowedCards, seed, &g);
call    0 returned 100%
        -:   34:
   123456:   35:      deckSize = rand() % (MAX_DECK + 1);
call    0 returned 100%
   123456:   36:      handSize = rand() % (deckSize + 1);
call    0 returned 100%
        -:   37:
   123456:   38:      g.deckCount[0] = deckSize - handSize;
   123456:   39:      g.handCount[0] = handSize;
   123456:   40:      g.numActions = rand() % 10;
call    0 returned 100%
   123456:   41:      handPos = g.hand[currPlayer][g.handCount[currPlayer]-1];
        -:   42:
        -:   43:
        -:   44:      //Note the current state before playing the card
   123456:   45:      startHand = g.handCount[0];
   123456:   46:      startNumActions = g.numActions;
        -:   47:
        -:   48:
        -:   49:      //Play the card
   123456:   50:      cardEffect(great_hall, choice1, choice2, choice3, &g, handPos, &bonus);
call    0 returned 100%
        -:   51:
        -:   52:
        -:   53:      //Note the state after playing the card
   123456:   54:      currHand = g.handCount[0];
   123456:   55:      currNumActions = g.numActions;
   123456:   56:      if (rand() % 100 == 1) {	//Test for an intentionally bad condition
call    0 returned 100%
branch  1 taken 1% (fallthrough)
branch  2 taken 99%
     1244:   57:	 currNumActions += 1;
        -:   58:      }
        -:   59:
        -:   60:
        -:   61:      //Tests
   123456:   62:      passedAllTestsFlag = 1;
        -:   63:
   123456:   64:      printf("Testing Great Hall card...\n");
call    0 returned 100%
        -:   65:
   123456:   66:      if (currHand != startHand) {
branch  0 taken 1% (fallthrough)
branch  1 taken 99%
     1631:   67:	 printf("\tCards drawn - FAIL\n");
call    0 returned 100%
     1631:   68:	 failedHandCount++;
     1631:   69:	 passedAllTestsFlag = 0;
        -:   70:      }
        -:   71:      else {
   121825:   72:	 printf("\tCards drawn - PASS\n");
call    0 returned 100%
        -:   73:      }
        -:   74:
   123456:   75:      if (currNumActions != startNumActions + 1) {
branch  0 taken 1% (fallthrough)
branch  1 taken 99%
     1244:   76:	 printf("\tActions - FAIL\n");
call    0 returned 100%
     1244:   77:	 failedActionsCount++;
     1244:   78:	 passedAllTestsFlag = 0;
        -:   79:      }
        -:   80:      else {
   122212:   81:	 printf("\tActions - PASS\n");
call    0 returned 100%
        -:   82:      }
        -:   83:
        -:   84:
   123456:   85:      if (passedAllTestsFlag == 1) {
branch  0 taken 98% (fallthrough)
branch  1 taken 2%
   120602:   86:	 printf("All tests passed!!\n");
call    0 returned 100%
   120602:   87:	 numTestsPassed++;
        -:   88:      }
        -:   89:
        -:   90:   }
        -:   91:
        -:   92:      
        1:   93:   printf("Great Hall tests summary:\n");
call    0 returned 100%
        1:   94:   printf("\tPASSED: %d\n", numTestsPassed);
call    0 returned 100%
        1:   95:   printf("\tFAILED (hand): %d\n", failedHandCount);
call    0 returned 100%
        1:   96:   printf("\tFAILED (actions): %d\n\n", failedActionsCount);
call    0 returned 100%
        -:   97:
        -:   98:   
        -:   99:
        1:  100:   return 0;
        -:  101:
        -:  102:}
